<?xml version="1.0" encoding="UTF-8"?>
<!-- Generated by org.testng.reporters.JUnitReportReporter -->
<testsuite hostname="B0153-BhanuP" failures="0" tests="3" name="biocube_Truntrance.TruNtrance" time="13.972" errors="0" timestamp="2023-04-18T18:33:12 IST" skipped="0">
  <testcase classname="biocube_Truntrance.TruNtrance" name="LoginInstituteAdmin" time="4.335"/>
  <system-out/>
  <testcase classname="biocube_Truntrance.TruNtrance" name="LoginGroupAdmin" time="4.405"/>
  <system-out/>
  <testcase classname="biocube_Truntrance.TruNtrance" name="LoginSuperAdmin" time="5.232"/>
  <system-out/>
</testsuite> <!-- biocube_Truntrance.TruNtrance -->
