<?xml version="1.0" encoding="UTF-8"?>
<!-- Generated by org.testng.reporters.JUnitReportReporter -->
<testsuite hostname="B0153-BhanuP" failures="0" tests="1" name="biocube.ErrorValidation" time="4.461" errors="0" timestamp="2023-03-22T19:01:36 IST" skipped="0">
  <testcase classname="biocube.ErrorValidation" name="submitOrder" time="4.461"/>
  <system-out/>
</testsuite> <!-- biocube.ErrorValidation -->
