<?xml version="1.0" encoding="UTF-8"?>
<!-- Generated by org.testng.reporters.JUnitReportReporter -->
<testsuite hostname="B0153-BhanuP" failures="0" tests="3" name="biocube_Truntrance.TruNtrance" time="26.588" errors="0" timestamp="2023-07-12T13:12:27 IST" skipped="0">
  <testcase classname="biocube_Truntrance.TruNtrance" name="LoginSuperAdmin" time="9.943"/>
  <system-out/>
  <testcase classname="biocube_Truntrance.TruNtrance" name="LoginSuperAdmin" time="8.711"/>
  <system-out/>
  <testcase classname="biocube_Truntrance.TruNtrance" name="LoginSuperAdmin" time="7.934"/>
  <system-out/>
</testsuite> <!-- biocube_Truntrance.TruNtrance -->
